INFO:root:Comenzando la aplicacion...
INFO:root:Comenzando la aplicacion...
INFO:root:Comenzando la aplicacion...
INFO:root:Comenzando la aplicacion...
INFO:root:Comenzando la aplicacion...
INFO:root:Comenzando la aplicacion...
INFO:werkzeug: * Running on http://127.0.0.1:8292/ (Press CTRL+C to quit)
INFO:werkzeug: * Restarting with stat
INFO:root:Comenzando la aplicacion...
INFO:root:Comenzando la aplicacion...
INFO:root:Comenzando la aplicacion...
INFO:root:Comenzando la aplicacion...
INFO:root:Comenzando la aplicacion...
INFO:root:Comenzando la aplicacion...
WARNING:werkzeug: * Debugger is active!
INFO:werkzeug: * Debugger PIN: 193-244-297
INFO:root:Comenzando la aplicacion...
INFO:root:Comenzando la aplicacion...
INFO:root:Comenzando la aplicacion...
INFO:root:Comenzando la aplicacion...
INFO:root:Comenzando la aplicacion...
INFO:root:Comenzando la aplicacion...
INFO:werkzeug: * Running on http://127.0.0.1:8292/ (Press CTRL+C to quit)
INFO:werkzeug: * Restarting with stat
INFO:root:Comenzando la aplicacion...
INFO:root:Comenzando la aplicacion...
INFO:root:Comenzando la aplicacion...
INFO:root:Comenzando la aplicacion...
INFO:root:Comenzando la aplicacion...
INFO:root:Comenzando la aplicacion...
WARNING:werkzeug: * Debugger is active!
INFO:werkzeug: * Debugger PIN: 193-244-297
